# JRE version: OpenJDK Runtime Environment (11.0.11+9) (build 11.0.11+9-b60-7590822)
# Java VM: OpenJDK 64-Bit Server VM (11.0.11+9-b60-7590822, mixed mode, tiered, compressed oops, g1 gc, windows-amd64)
Heap:
 garbage-first heap   total 229376K, used 145293K [0x0000000080000000, 0x0000000100000000)
  region size 1024K, 23 young (23552K), 4 survivors (4096K)
 Metaspace       used 105730K, capacity 108431K, committed 108660K, reserved 1144832K
  class space    used 13262K, capacity 14244K, committed 14336K, reserved 1048576K
GC Heap History (20 events):
Event: 183.313 GC heap before
{Heap before GC invocations=53 (full 0):
 garbage-first heap   total 229376K, used 171927K [0x0000000080000000, 0x0000000100000000)
  region size 1024K, 52 young (53248K), 4 survivors (4096K)
 Metaspace       used 105164K, capacity 107772K, committed 107892K, reserved 1142784K
  class space    used 13240K, capacity 14233K, committed 14336K, reserved 1048576K
}
Event: 183.321 GC heap after
{Heap after GC invocations=54 (full 0):
 garbage-first heap   total 229376K, used 123867K [0x0000000080000000, 0x0000000100000000)
  region size 1024K, 4 young (4096K), 4 survivors (4096K)
 Metaspace       used 105164K, capacity 107772K, committed 107892K, reserved 1142784K
  class space    used 13240K, capacity 14233K, committed 14336K, reserved 1048576K
}
Event: 184.262 GC heap before
{Heap before GC invocations=55 (full 0):
 garbage-first heap   total 229376K, used 179163K [0x0000000080000000, 0x0000000100000000)
  region size 1024K, 57 young (58368K), 4 survivors (4096K)
 Metaspace       used 105224K, capacity 107977K, committed 108148K, reserved 1142784K
  class space    used 13241K, capacity 14235K, committed 14336K, reserved 1048576K
}
Event: 184.268 GC heap after
{Heap after GC invocations=56 (full 0):
 garbage-first heap   total 229376K, used 123360K [0x0000000080000000, 0x0000000100000000)
  region size 1024K, 4 young (4096K), 4 survivors (4096K)
 Metaspace       used 105224K, capacity 107977K, committed 108148K, reserved 1142784K
  class space    used 13241K, capacity 14235K, committed 14336K, reserved 1048576K
}
Event: 188.746 GC heap before
{Heap before GC invocations=56 (full 0):
 garbage-first heap   total 229376K, used 179680K [0x0000000080000000, 0x0000000100000000)
  region size 1024K, 60 young (61440K), 4 survivors (4096K)
 Metaspace       used 105374K, capacity 108083K, committed 108404K, reserved 1142784K
  class space    used 13244K, capacity 14241K, committed 14336K, reserved 1048576K
}
Event: 188.753 GC heap after
{Heap after GC invocations=57 (full 0):
 garbage-first heap   total 229376K, used 124215K [0x0000000080000000, 0x0000000100000000)
  region size 1024K, 5 young (5120K), 5 survivors (5120K)
 Metaspace       used 105374K, capacity 108083K, committed 108404K, reserved 1142784K
  class space    used 13244K, capacity 14241K, committed 14336K, reserved 1048576K
}
Event: 191.014 GC heap before
{Heap before GC invocations=58 (full 0):
 garbage-first heap   total 229376K, used 182583K [0x0000000080000000, 0x0000000100000000)
  region size 1024K, 63 young (64512K), 5 survivors (5120K)
 Metaspace       used 105658K, capacity 108361K, committed 108660K, reserved 1144832K
  class space    used 13262K, capacity 14244K, committed 14336K, reserved 1048576K
}
Event: 191.025 GC heap after
{Heap after GC invocations=59 (full 0):
 garbage-first heap   total 229376K, used 125082K [0x0000000080000000, 0x0000000100000000)
  region size 1024K, 5 young (5120K), 5 survivors (5120K)
 Metaspace       used 105658K, capacity 108361K, committed 108660K, reserved 1144832K
  class space    used 13262K, capacity 14244K, committed 14336K, reserved 1048576K
}
Event: 191.026 GC heap before
{Heap before GC invocations=59 (full 0):
 garbage-first heap   total 229376K, used 125082K [0x0000000080000000, 0x0000000100000000)
  region size 1024K, 6 young (6144K), 5 survivors (5120K)
 Metaspace       used 105658K, capacity 108361K, committed 108660K, reserved 1144832K
  class space    used 13262K, capacity 14244K, committed 14336K, reserved 1048576K
}
Event: 191.038 GC heap after
{Heap after GC invocations=60 (full 0):
 garbage-first heap   total 229376K, used 125520K [0x0000000080000000, 0x0000000100000000)
  region size 1024K, 5 young (5120K), 5 survivors (5120K)
 Metaspace       used 105658K, capacity 108361K, committed 108660K, reserved 1144832K
  class space    used 13262K, capacity 14244K, committed 14336K, reserved 1048576K
}
Event: 191.713 GC heap before
{Heap before GC invocations=61 (full 0):
 garbage-first heap   total 229376K, used 140880K [0x0000000080000000, 0x0000000100000000)
  region size 1024K, 20 young (20480K), 5 survivors (5120K)
 Metaspace       used 105698K, capacity 108365K, committed 108660K, reserved 1144832K
  class space    used 13262K, capacity 14244K, committed 14336K, reserved 1048576K
}
Event: 191.722 GC heap after
{Heap after GC invocations=62 (full 0):
 garbage-first heap   total 229376K, used 125290K [0x0000000080000000, 0x0000000100000000)
  region size 1024K, 3 young (3072K), 3 survivors (3072K)
 Metaspace       used 105698K, capacity 108365K, committed 108660K, reserved 1144832K
  class space    used 13262K, capacity 14244K, committed 14336K, reserved 1048576K
}
Event: 192.278 GC heap before
{Heap before GC invocations=63 (full 0):
 garbage-first heap   total 229376K, used 171370K [0x0000000080000000, 0x0000000100000000)
  region size 1024K, 48 young (49152K), 3 survivors (3072K)
 Metaspace       used 105701K, capacity 108365K, committed 108660K, reserved 1144832K
  class space    used 13262K, capacity 14244K, committed 14336K, reserved 1048576K
}
Event: 192.283 GC heap after
{Heap after GC invocations=64 (full 0):
 garbage-first heap   total 229376K, used 125300K [0x0000000080000000, 0x0000000100000000)
  region size 1024K, 3 young (3072K), 3 survivors (3072K)
 Metaspace       used 105701K, capacity 108365K, committed 108660K, reserved 1144832K
  class space    used 13262K, capacity 14244K, committed 14336K, reserved 1048576K
}
Event: 192.313 GC heap before
{Heap before GC invocations=64 (full 0):
 garbage-first heap   total 229376K, used 131444K [0x0000000080000000, 0x0000000100000000)
  region size 1024K, 11 young (11264K), 3 survivors (3072K)
 Metaspace       used 105701K, capacity 108365K, committed 108660K, reserved 1144832K
  class space    used 13262K, capacity 14244K, committed 14336K, reserved 1048576K
}
Event: 192.318 GC heap after
{Heap after GC invocations=65 (full 0):
 garbage-first heap   total 229376K, used 126247K [0x0000000080000000, 0x0000000100000000)
  region size 1024K, 4 young (4096K), 4 survivors (4096K)
 Metaspace       used 105701K, capacity 108365K, committed 108660K, reserved 1144832K
  class space    used 13262K, capacity 14244K, committed 14336K, reserved 1048576K
}
Event: 192.465 GC heap before
{Heap before GC invocations=65 (full 0):
 garbage-first heap   total 229376K, used 178471K [0x0000000080000000, 0x0000000100000000)
  region size 1024K, 53 young (54272K), 4 survivors (4096K)
 Metaspace       used 105704K, capacity 108365K, committed 108660K, reserved 1144832K
  class space    used 13262K, capacity 14244K, committed 14336K, reserved 1048576K
}
Event: 192.471 GC heap after
{Heap after GC invocations=66 (full 0):
 garbage-first heap   total 229376K, used 127781K [0x0000000080000000, 0x0000000100000000)
  region size 1024K, 6 young (6144K), 6 survivors (6144K)
 Metaspace       used 105704K, capacity 108365K, committed 108660K, reserved 1144832K
  class space    used 13262K, capacity 14244K, committed 14336K, reserved 1048576K
}
Event: 192.640 GC heap before
{Heap before GC invocations=66 (full 0):
 garbage-first heap   total 229376K, used 178981K [0x0000000080000000, 0x0000000100000000)
  region size 1024K, 56 young (57344K), 6 survivors (6144K)
 Metaspace       used 105707K, capacity 108365K, committed 108660K, reserved 1144832K
  class space    used 13262K, capacity 14244K, committed 14336K, reserved 1048576K
}
Event: 192.648 GC heap after
{Heap after GC invocations=67 (full 0):
 garbage-first heap   total 229376K, used 127885K [0x0000000080000000, 0x0000000100000000)
  region size 1024K, 4 young (4096K), 4 survivors (4096K)
 Metaspace       used 105707K, capacity 108365K, committed 108660K, reserved 1144832K
  class space    used 13262K, capacity 14244K, committed 14336K, reserved 1048576K
}

