# JRE version: OpenJDK Runtime Environment (11.0.11+9) (build 11.0.11+9-b60-7590822)
# Java VM: OpenJDK 64-Bit Server VM (11.0.11+9-b60-7590822, mixed mode, tiered, compressed oops, g1 gc, windows-amd64)
Heap:
 garbage-first heap   total 273408K, used 185099K [0x0000000080000000, 0x0000000100000000)
  region size 1024K, 47 young (48128K), 5 survivors (5120K)
 Metaspace       used 116058K, capacity 119494K, committed 119744K, reserved 1153024K
  class space    used 14662K, capacity 15882K, committed 16000K, reserved 1048576K
GC Heap History (20 events):
Event: 51.101 GC heap before
{Heap before GC invocations=31 (full 0):
 garbage-first heap   total 273408K, used 170735K [0x0000000080000000, 0x0000000100000000)
  region size 1024K, 48 young (49152K), 4 survivors (4096K)
 Metaspace       used 103766K, capacity 106556K, committed 106816K, reserved 1142784K
  class space    used 13263K, capacity 14254K, committed 14336K, reserved 1048576K
}
Event: 51.107 GC heap after
{Heap after GC invocations=32 (full 0):
 garbage-first heap   total 273408K, used 130172K [0x0000000080000000, 0x0000000100000000)
  region size 1024K, 7 young (7168K), 7 survivors (7168K)
 Metaspace       used 103766K, capacity 106556K, committed 106816K, reserved 1142784K
  class space    used 13263K, capacity 14254K, committed 14336K, reserved 1048576K
}
Event: 51.593 GC heap before
{Heap before GC invocations=33 (full 0):
 garbage-first heap   total 273408K, used 214140K [0x0000000080000000, 0x0000000100000000)
  region size 1024K, 88 young (90112K), 7 survivors (7168K)
 Metaspace       used 103667K, capacity 106386K, committed 106816K, reserved 1142784K
  class space    used 13231K, capacity 14196K, committed 14336K, reserved 1048576K
}
Event: 51.598 GC heap after
{Heap after GC invocations=34 (full 0):
 garbage-first heap   total 273408K, used 127307K [0x0000000080000000, 0x0000000100000000)
  region size 1024K, 4 young (4096K), 4 survivors (4096K)
 Metaspace       used 103667K, capacity 106386K, committed 106816K, reserved 1142784K
  class space    used 13231K, capacity 14196K, committed 14336K, reserved 1048576K
}
Event: 52.416 GC heap before
{Heap before GC invocations=34 (full 0):
 garbage-first heap   total 273408K, used 215371K [0x0000000080000000, 0x0000000100000000)
  region size 1024K, 91 young (93184K), 4 survivors (4096K)
 Metaspace       used 104647K, capacity 107340K, committed 107584K, reserved 1142784K
  class space    used 13331K, capacity 14293K, committed 14336K, reserved 1048576K
}
Event: 52.425 GC heap after
{Heap after GC invocations=35 (full 0):
 garbage-first heap   total 273408K, used 129630K [0x0000000080000000, 0x0000000100000000)
  region size 1024K, 6 young (6144K), 6 survivors (6144K)
 Metaspace       used 104647K, capacity 107340K, committed 107584K, reserved 1142784K
  class space    used 13331K, capacity 14293K, committed 14336K, reserved 1048576K
}
Event: 53.133 GC heap before
{Heap before GC invocations=36 (full 0):
 garbage-first heap   total 273408K, used 205406K [0x0000000080000000, 0x0000000100000000)
  region size 1024K, 82 young (83968K), 6 survivors (6144K)
 Metaspace       used 104873K, capacity 107623K, committed 107840K, reserved 1142784K
  class space    used 13342K, capacity 14300K, committed 14336K, reserved 1048576K
}
Event: 53.142 GC heap after
{Heap after GC invocations=37 (full 0):
 garbage-first heap   total 273408K, used 129607K [0x0000000080000000, 0x0000000100000000)
  region size 1024K, 6 young (6144K), 6 survivors (6144K)
 Metaspace       used 104873K, capacity 107623K, committed 107840K, reserved 1142784K
  class space    used 13342K, capacity 14300K, committed 14336K, reserved 1048576K
}
Event: 53.908 GC heap before
{Heap before GC invocations=38 (full 0):
 garbage-first heap   total 273408K, used 219719K [0x0000000080000000, 0x0000000100000000)
  region size 1024K, 93 young (95232K), 6 survivors (6144K)
 Metaspace       used 105105K, capacity 107815K, committed 108096K, reserved 1142784K
  class space    used 13357K, capacity 14300K, committed 14336K, reserved 1048576K
}
Event: 53.921 GC heap after
{Heap after GC invocations=39 (full 0):
 garbage-first heap   total 273408K, used 134809K [0x0000000080000000, 0x0000000100000000)
  region size 1024K, 9 young (9216K), 9 survivors (9216K)
 Metaspace       used 105105K, capacity 107815K, committed 108096K, reserved 1142784K
  class space    used 13357K, capacity 14300K, committed 14336K, reserved 1048576K
}
Event: 54.423 GC heap before
{Heap before GC invocations=39 (full 0):
 garbage-first heap   total 273408K, used 223897K [0x0000000080000000, 0x0000000100000000)
  region size 1024K, 96 young (98304K), 9 survivors (9216K)
 Metaspace       used 105109K, capacity 107879K, committed 108096K, reserved 1142784K
  class space    used 13357K, capacity 14300K, committed 14336K, reserved 1048576K
}
Event: 54.430 GC heap after
{Heap after GC invocations=40 (full 0):
 garbage-first heap   total 273408K, used 135264K [0x0000000080000000, 0x0000000100000000)
  region size 1024K, 7 young (7168K), 7 survivors (7168K)
 Metaspace       used 105109K, capacity 107879K, committed 108096K, reserved 1142784K
  class space    used 13357K, capacity 14300K, committed 14336K, reserved 1048576K
}
Event: 55.392 GC heap before
{Heap before GC invocations=41 (full 0):
 garbage-first heap   total 273408K, used 223328K [0x0000000080000000, 0x0000000100000000)
  region size 1024K, 95 young (97280K), 7 survivors (7168K)
 Metaspace       used 107768K, capacity 110518K, committed 110528K, reserved 1144832K
  class space    used 13741K, capacity 14716K, committed 14720K, reserved 1048576K
}
Event: 55.399 GC heap after
{Heap after GC invocations=42 (full 0):
 garbage-first heap   total 273408K, used 128756K [0x0000000080000000, 0x0000000100000000)
  region size 1024K, 3 young (3072K), 3 survivors (3072K)
 Metaspace       used 107768K, capacity 110518K, committed 110528K, reserved 1144832K
  class space    used 13741K, capacity 14716K, committed 14720K, reserved 1048576K
}
Event: 90.816 GC heap before
{Heap before GC invocations=42 (full 0):
 garbage-first heap   total 273408K, used 230132K [0x0000000080000000, 0x0000000100000000)
  region size 1024K, 103 young (105472K), 3 survivors (3072K)
 Metaspace       used 109759K, capacity 112717K, committed 112960K, reserved 1146880K
  class space    used 13958K, capacity 15068K, committed 15104K, reserved 1048576K
}
Event: 90.828 GC heap after
{Heap after GC invocations=43 (full 0):
 garbage-first heap   total 273408K, used 132206K [0x0000000080000000, 0x0000000100000000)
  region size 1024K, 7 young (7168K), 7 survivors (7168K)
 Metaspace       used 109759K, capacity 112717K, committed 112960K, reserved 1146880K
  class space    used 13958K, capacity 15068K, committed 15104K, reserved 1048576K
}
Event: 163.376 GC heap before
{Heap before GC invocations=44 (full 0):
 garbage-first heap   total 273408K, used 229486K [0x0000000080000000, 0x0000000100000000)
  region size 1024K, 102 young (104448K), 7 survivors (7168K)
 Metaspace       used 113119K, capacity 116421K, committed 116544K, reserved 1150976K
  class space    used 14382K, capacity 15606K, committed 15616K, reserved 1048576K
}
Event: 163.402 GC heap after
{Heap after GC invocations=45 (full 0):
 garbage-first heap   total 273408K, used 139108K [0x0000000080000000, 0x0000000100000000)
  region size 1024K, 13 young (13312K), 13 survivors (13312K)
 Metaspace       used 113119K, capacity 116421K, committed 116544K, reserved 1150976K
  class space    used 14382K, capacity 15606K, committed 15616K, reserved 1048576K
}
Event: 168.154 GC heap before
{Heap before GC invocations=45 (full 0):
 garbage-first heap   total 273408K, used 228196K [0x0000000080000000, 0x0000000100000000)
  region size 1024K, 101 young (103424K), 13 survivors (13312K)
 Metaspace       used 115769K, capacity 119238K, committed 119488K, reserved 1153024K
  class space    used 14662K, capacity 15882K, committed 16000K, reserved 1048576K
}
Event: 168.185 GC heap after
{Heap after GC invocations=46 (full 0):
 garbage-first heap   total 273408K, used 144139K [0x0000000080000000, 0x0000000100000000)
  region size 1024K, 5 young (5120K), 5 survivors (5120K)
 Metaspace       used 115769K, capacity 119238K, committed 119488K, reserved 1153024K
  class space    used 14662K, capacity 15882K, committed 16000K, reserved 1048576K
}

